[02:49:29] [main/INFO]: Loading Minecraft 1.21.8 with Fabric Loader 0.16.14
[02:49:29] [main/INFO]: Fabric is preparing JARs on first launch, this may take a few seconds...
[02:49:29] [main/INFO]: Loading 4 mods:
	- fabricloader 0.16.14
	   \-- mixinextras 0.4.1
	- java 21
	- minecraft 1.21.8
[02:49:30] [main/INFO]: SpongePowered MIXIN Subsystem Version=0.8.7 Source=file:/workspaces/pruebamc-steelfox/servidor_minecraft/libraries/net/fabricmc/sponge-mixin/0.15.5+mixin.0.8.7/sponge-mixin-0.15.5+mixin.0.8.7.jar Service=Knot/Fabric Env=SERVER
[02:49:35] [main/INFO]: Environment: Environment[sessionHost=https://sessionserver.mojang.com, servicesHost=https://api.minecraftservices.com, name=PROD]
[02:49:37] [main/INFO]: No existing world data, creating new world
[02:49:38] [main/INFO]: Loaded 1407 recipes
[02:49:38] [main/INFO]: Loaded 1520 advancements
[02:49:38] [Server thread/INFO]: Starting minecraft server version 1.21.8
[02:49:38] [Server thread/INFO]: Loading properties
[02:49:38] [Server thread/INFO]: Default game type: SURVIVAL
[02:49:38] [Server thread/INFO]: Generating keypair
[02:49:38] [Server thread/INFO]: Starting Minecraft server on *:25565
[02:49:38] [Server thread/INFO]: Using epoll channel type
[02:49:39] [Server thread/WARN]: **** SERVER IS RUNNING IN OFFLINE/INSECURE MODE!
[02:49:39] [Server thread/WARN]: The server will make no attempt to authenticate usernames. Beware.
[02:49:39] [Server thread/WARN]: While this makes the game possible to play without internet access, it also opens up the ability for hackers to connect with any username they choose.
[02:49:39] [Server thread/WARN]: To change this, set "online-mode" to "true" in the server.properties file.
[02:49:39] [Server thread/INFO]: Preparing level "world"
[02:49:45] [Server thread/INFO]: Preparing start region for dimension minecraft:overworld
[02:49:45] [Worker-Main-3/INFO]: Preparing spawn area: 2%
[02:49:45] [Worker-Main-2/INFO]: Preparing spawn area: 2%
[02:49:46] [Worker-Main-3/INFO]: Preparing spawn area: 2%
[02:49:46] [Worker-Main-1/INFO]: Preparing spawn area: 18%
[02:49:47] [Worker-Main-1/INFO]: Preparing spawn area: 18%
[02:49:47] [Worker-Main-2/INFO]: Preparing spawn area: 18%
[02:49:48] [Worker-Main-3/INFO]: Preparing spawn area: 51%
[02:49:48] [Worker-Main-3/INFO]: Preparing spawn area: 51%
[02:49:49] [Server thread/INFO]: Time elapsed: 3799 ms
[02:49:49] [Server thread/INFO]: Done (10.237s)! For help, type "help"
[02:49:58] [Server thread/INFO]: Stopping the server
[02:49:58] [Server thread/INFO]: Stopping server
[02:49:58] [Server thread/INFO]: Saving players
[02:49:58] [Server thread/INFO]: Saving worlds
[02:49:58] [Server thread/INFO]: Saving chunks for level 'ServerLevel[world]'/minecraft:overworld
[02:50:00] [Server thread/INFO]: Saving chunks for level 'ServerLevel[world]'/minecraft:the_end
[02:50:00] [Server thread/INFO]: Saving chunks for level 'ServerLevel[world]'/minecraft:the_nether
[02:50:00] [Server thread/INFO]: ThreadedAnvilChunkStorage (world): All chunks are saved
[02:50:00] [Server thread/INFO]: ThreadedAnvilChunkStorage (DIM1): All chunks are saved
[02:50:00] [Server thread/INFO]: ThreadedAnvilChunkStorage (DIM-1): All chunks are saved
[02:50:00] [Server thread/INFO]: ThreadedAnvilChunkStorage: All dimensions are saved
